# JRE version: OpenJDK Runtime Environment (7.0_95) (build 1.7.0_95-b00)
# Java VM: OpenJDK 64-Bit Server VM (24.95-b01 mixed mode linux-amd64 compressed oops)
Heap
 PSYoungGen      total 233472K, used 0K [0x00000000eaa80000, 0x0000000100000000, 0x0000000100000000)
  eden space 117248K, 0% used [0x00000000eaa80000,0x00000000eaa80000,0x00000000f1d00000)
  from space 116224K, 0% used [0x00000000f8e80000,0x00000000f8e80000,0x0000000100000000)
  to   space 116224K, 0% used [0x00000000f1d00000,0x00000000f1d00000,0x00000000f8e80000)
 ParOldGen       total 520192K, used 484258K [0x00000000c0000000, 0x00000000dfc00000, 0x00000000eaa80000)
  object space 520192K, 93% used [0x00000000c0000000,0x00000000dd8e8a50,0x00000000dfc00000)
 PSPermGen       total 76800K, used 49028K [0x00000000b0000000, 0x00000000b4b00000, 0x00000000c0000000)
  object space 76800K, 63% used [0x00000000b0000000,0x00000000b2fe1340,0x00000000b4b00000)
GC Heap History (10 events):
Event: 287.597 GC heap after
Heap after GC invocations=160 (full 9):
 PSYoungGen      total 249344K, used 47533K [0x00000000eaa80000, 0x0000000100000000, 0x0000000100000000)
  eden space 151040K, 0% used [0x00000000eaa80000,0x00000000eaa80000,0x00000000f3e00000)
  from space 98304K, 48% used [0x00000000fa000000,0x00000000fce6b518,0x0000000100000000)
  to   space 99328K, 0% used [0x00000000f3e00000,0x00000000f3e00000,0x00000000f9f00000)
 ParOldGen       total 504320K, used 409492K [0x00000000c0000000, 0x00000000dec80000, 0x00000000eaa80000)
  object space 504320K, 81% used [0x00000000c0000000,0x00000000d8fe5250,0x00000000dec80000)
 PSPermGen       total 76800K, used 49031K [0x00000000b0000000, 0x00000000b4b00000, 0x00000000c0000000)
  object space 76800K, 63% used [0x00000000b0000000,0x00000000b2fe1c68,0x00000000b4b00000)
}
Event: 288.853 GC heap before
{Heap before GC invocations=161 (full 9):
 PSYoungGen      total 249344K, used 198573K [0x00000000eaa80000, 0x0000000100000000, 0x0000000100000000)
  eden space 151040K, 100% used [0x00000000eaa80000,0x00000000f3e00000,0x00000000f3e00000)
  from space 98304K, 48% used [0x00000000fa000000,0x00000000fce6b518,0x0000000100000000)
  to   space 99328K, 0% used [0x00000000f3e00000,0x00000000f3e00000,0x00000000f9f00000)
 ParOldGen       total 504320K, used 409492K [0x00000000c0000000, 0x00000000dec80000, 0x00000000eaa80000)
  object space 504320K, 81% used [0x00000000c0000000,0x00000000d8fe5250,0x00000000dec80000)
 PSPermGen       total 76800K, used 49031K [0x00000000b0000000, 0x00000000b4b00000, 0x00000000c0000000)
  object space 76800K, 63% used [0x00000000b0000000,0x00000000b2fe1c68,0x00000000b4b00000)
Event: 288.937 GC heap after
Heap after GC invocations=161 (full 9):
 PSYoungGen      total 243200K, used 91837K [0x00000000eaa80000, 0x0000000100000000, 0x0000000100000000)
  eden space 151040K, 0% used [0x00000000eaa80000,0x00000000eaa80000,0x00000000f3e00000)
  from space 92160K, 99% used [0x00000000f3e00000,0x00000000f97af518,0x00000000f9800000)
  to   space 106496K, 0% used [0x00000000f9800000,0x00000000f9800000,0x0000000100000000)
 ParOldGen       total 504320K, used 409492K [0x00000000c0000000, 0x00000000dec80000, 0x00000000eaa80000)
  object space 504320K, 81% used [0x00000000c0000000,0x00000000d8fe5250,0x00000000dec80000)
 PSPermGen       total 76800K, used 49031K [0x00000000b0000000, 0x00000000b4b00000, 0x00000000c0000000)
  object space 76800K, 63% used [0x00000000b0000000,0x00000000b2fe1c68,0x00000000b4b00000)
}
Event: 290.331 GC heap before
{Heap before GC invocations=162 (full 9):
 PSYoungGen      total 243200K, used 241757K [0x00000000eaa80000, 0x0000000100000000, 0x0000000100000000)
  eden space 151040K, 99% used [0x00000000eaa80000,0x00000000f3ce7f10,0x00000000f3e00000)
  from space 92160K, 99% used [0x00000000f3e00000,0x00000000f97af518,0x00000000f9800000)
  to   space 106496K, 0% used [0x00000000f9800000,0x00000000f9800000,0x0000000100000000)
 ParOldGen       total 504320K, used 409492K [0x00000000c0000000, 0x00000000dec80000, 0x00000000eaa80000)
  object space 504320K, 81% used [0x00000000c0000000,0x00000000d8fe5250,0x00000000dec80000)
 PSPermGen       total 76800K, used 49031K [0x00000000b0000000, 0x00000000b4b00000, 0x00000000c0000000)
  object space 76800K, 63% used [0x00000000b0000000,0x00000000b2fe1f38,0x00000000b4b00000)
Event: 290.456 GC heap after
Heap after GC invocations=162 (full 9):
 PSYoungGen      total 223744K, used 103910K [0x00000000eaa80000, 0x0000000100000000, 0x0000000100000000)
  eden space 117248K, 0% used [0x00000000eaa80000,0x00000000eaa80000,0x00000000f1d00000)
  from space 106496K, 97% used [0x00000000f9800000,0x00000000ffd799b8,0x0000000100000000)
  to   space 116224K, 0% used [0x00000000f1d00000,0x00000000f1d00000,0x00000000f8e80000)
 ParOldGen       total 504320K, used 409492K [0x00000000c0000000, 0x00000000dec80000, 0x00000000eaa80000)
  object space 504320K, 81% used [0x00000000c0000000,0x00000000d8fe5250,0x00000000dec80000)
 PSPermGen       total 76800K, used 49031K [0x00000000b0000000, 0x00000000b4b00000, 0x00000000c0000000)
  object space 76800K, 63% used [0x00000000b0000000,0x00000000b2fe1f38,0x00000000b4b00000)
}
Event: 291.039 GC heap before
{Heap before GC invocations=163 (full 9):
 PSYoungGen      total 223744K, used 221158K [0x00000000eaa80000, 0x0000000100000000, 0x0000000100000000)
  eden space 117248K, 100% used [0x00000000eaa80000,0x00000000f1d00000,0x00000000f1d00000)
  from space 106496K, 97% used [0x00000000f9800000,0x00000000ffd799b8,0x0000000100000000)
  to   space 116224K, 0% used [0x00000000f1d00000,0x00000000f1d00000,0x00000000f8e80000)
 ParOldGen       total 504320K, used 409492K [0x00000000c0000000, 0x00000000dec80000, 0x00000000eaa80000)
  object space 504320K, 81% used [0x00000000c0000000,0x00000000d8fe5250,0x00000000dec80000)
 PSPermGen       total 76800K, used 49031K [0x00000000b0000000, 0x00000000b4b00000, 0x00000000c0000000)
  object space 76800K, 63% used [0x00000000b0000000,0x00000000b2fe1f38,0x00000000b4b00000)
Event: 291.207 GC heap after
Heap after GC invocations=163 (full 9):
 PSYoungGen      total 233472K, used 116198K [0x00000000eaa80000, 0x0000000100000000, 0x0000000100000000)
  eden space 117248K, 0% used [0x00000000eaa80000,0x00000000eaa80000,0x00000000f1d00000)
  from space 116224K, 99% used [0x00000000f1d00000,0x00000000f8e799a8,0x00000000f8e80000)
  to   space 116224K, 0% used [0x00000000f8e80000,0x00000000f8e80000,0x0000000100000000)
 ParOldGen       total 504320K, used 448036K [0x00000000c0000000, 0x00000000dec80000, 0x00000000eaa80000)
  object space 504320K, 88% used [0x00000000c0000000,0x00000000db589250,0x00000000dec80000)
 PSPermGen       total 76800K, used 49031K [0x00000000b0000000, 0x00000000b4b00000, 0x00000000c0000000)
  object space 76800K, 63% used [0x00000000b0000000,0x00000000b2fe1f38,0x00000000b4b00000)
}
Event: 292.801 GC heap before
{Heap before GC invocations=164 (full 9):
 PSYoungGen      total 233472K, used 233446K [0x00000000eaa80000, 0x0000000100000000, 0x0000000100000000)
  eden space 117248K, 100% used [0x00000000eaa80000,0x00000000f1d00000,0x00000000f1d00000)
  from space 116224K, 99% used [0x00000000f1d00000,0x00000000f8e799a8,0x00000000f8e80000)
  to   space 116224K, 0% used [0x00000000f8e80000,0x00000000f8e80000,0x0000000100000000)
 ParOldGen       total 504320K, used 448036K [0x00000000c0000000, 0x00000000dec80000, 0x00000000eaa80000)
  object space 504320K, 88% used [0x00000000c0000000,0x00000000db589250,0x00000000dec80000)
 PSPermGen       total 76800K, used 49031K [0x00000000b0000000, 0x00000000b4b00000, 0x00000000c0000000)
  object space 76800K, 63% used [0x00000000b0000000,0x00000000b2fe1f38,0x00000000b4b00000)
Event: 292.972 GC heap after
Heap after GC invocations=164 (full 9):
 PSYoungGen      total 233472K, used 116217K [0x00000000eaa80000, 0x0000000100000000, 0x0000000100000000)
  eden space 117248K, 0% used [0x00000000eaa80000,0x00000000eaa80000,0x00000000f1d00000)
  from space 116224K, 99% used [0x00000000f8e80000,0x00000000ffffe578,0x0000000100000000)
  to   space 116224K, 0% used [0x00000000f1d00000,0x00000000f1d00000,0x00000000f8e80000)
 ParOldGen       total 520192K, used 519267K [0x00000000c0000000, 0x00000000dfc00000, 0x00000000eaa80000)
  object space 520192K, 99% used [0x00000000c0000000,0x00000000dfb18fd8,0x00000000dfc00000)
 PSPermGen       total 76800K, used 49031K [0x00000000b0000000, 0x00000000b4b00000, 0x00000000c0000000)
  object space 76800K, 63% used [0x00000000b0000000,0x00000000b2fe1f38,0x00000000b4b00000)
}
Event: 292.972 GC heap before
{Heap before GC invocations=165 (full 10):
 PSYoungGen      total 233472K, used 116217K [0x00000000eaa80000, 0x0000000100000000, 0x0000000100000000)
  eden space 117248K, 0% used [0x00000000eaa80000,0x00000000eaa80000,0x00000000f1d00000)
  from space 116224K, 99% used [0x00000000f8e80000,0x00000000ffffe578,0x0000000100000000)
  to   space 116224K, 0% used [0x00000000f1d00000,0x00000000f1d00000,0x00000000f8e80000)
 ParOldGen       total 520192K, used 519267K [0x00000000c0000000, 0x00000000dfc00000, 0x00000000eaa80000)
  object space 520192K, 99% used [0x00000000c0000000,0x00000000dfb18fd8,0x00000000dfc00000)
 PSPermGen       total 76800K, used 49031K [0x00000000b0000000, 0x00000000b4b00000, 0x00000000c0000000)
  object space 76800K, 63% used [0x00000000b0000000,0x00000000b2fe1f38,0x00000000b4b00000)

