# JRE version: OpenJDK Runtime Environment (7.0_95) (build 1.7.0_95-b00)
# Java VM: OpenJDK 64-Bit Server VM (24.95-b01 mixed mode linux-amd64 compressed oops)
Heap
 PSYoungGen      total 216576K, used 0K [0x00000000eaa80000, 0x0000000100000000, 0x0000000100000000)
  eden space 151040K, 0% used [0x00000000eaa80000,0x00000000eaa80000,0x00000000f3e00000)
  from space 65536K, 0% used [0x00000000fc000000,0x00000000fc000000,0x0000000100000000)
  to   space 99328K, 0% used [0x00000000f3e00000,0x00000000f3e00000,0x00000000f9f00000)
 ParOldGen       total 298496K, used 236401K [0x00000000c0000000, 0x00000000d2380000, 0x00000000eaa80000)
  object space 298496K, 79% used [0x00000000c0000000,0x00000000ce6dc590,0x00000000d2380000)
 PSPermGen       total 84480K, used 41694K [0x00000000b0000000, 0x00000000b5280000, 0x00000000c0000000)
  object space 84480K, 49% used [0x00000000b0000000,0x00000000b28b7898,0x00000000b5280000)
GC Heap History (10 events):
Event: 26.310 GC heap after
Heap after GC invocations=20 (full 2):
 PSYoungGen      total 243712K, used 41472K [0x00000000eaa80000, 0x00000000fd680000, 0x0000000100000000)
  eden space 192512K, 0% used [0x00000000eaa80000,0x00000000eaa80000,0x00000000f6680000)
  from space 51200K, 81% used [0x00000000f9f00000,0x00000000fc780090,0x00000000fd100000)
  to   space 57344K, 0% used [0x00000000f6680000,0x00000000f6680000,0x00000000f9e80000)
 ParOldGen       total 247808K, used 247132K [0x00000000c0000000, 0x00000000cf200000, 0x00000000eaa80000)
  object space 247808K, 99% used [0x00000000c0000000,0x00000000cf157358,0x00000000cf200000)
 PSPermGen       total 91136K, used 40520K [0x00000000b0000000, 0x00000000b5900000, 0x00000000c0000000)
  object space 91136K, 44% used [0x00000000b0000000,0x00000000b2792260,0x00000000b5900000)
}
Event: 26.310 GC heap before
{Heap before GC invocations=21 (full 3):
 PSYoungGen      total 243712K, used 41472K [0x00000000eaa80000, 0x00000000fd680000, 0x0000000100000000)
  eden space 192512K, 0% used [0x00000000eaa80000,0x00000000eaa80000,0x00000000f6680000)
  from space 51200K, 81% used [0x00000000f9f00000,0x00000000fc780090,0x00000000fd100000)
  to   space 57344K, 0% used [0x00000000f6680000,0x00000000f6680000,0x00000000f9e80000)
 ParOldGen       total 247808K, used 247132K [0x00000000c0000000, 0x00000000cf200000, 0x00000000eaa80000)
  object space 247808K, 99% used [0x00000000c0000000,0x00000000cf157358,0x00000000cf200000)
 PSPermGen       total 91136K, used 40520K [0x00000000b0000000, 0x00000000b5900000, 0x00000000c0000000)
  object space 91136K, 44% used [0x00000000b0000000,0x00000000b2792260,0x00000000b5900000)
Event: 26.609 GC heap after
Heap after GC invocations=21 (full 3):
 PSYoungGen      total 243712K, used 0K [0x00000000eaa80000, 0x00000000fd680000, 0x0000000100000000)
  eden space 192512K, 0% used [0x00000000eaa80000,0x00000000eaa80000,0x00000000f6680000)
  from space 51200K, 0% used [0x00000000f9f00000,0x00000000f9f00000,0x00000000fd100000)
  to   space 57344K, 0% used [0x00000000f6680000,0x00000000f6680000,0x00000000f9e80000)
 ParOldGen       total 326656K, used 202428K [0x00000000c0000000, 0x00000000d3f00000, 0x00000000eaa80000)
  object space 326656K, 61% used [0x00000000c0000000,0x00000000cc5af1a8,0x00000000d3f00000)
 PSPermGen       total 88064K, used 40520K [0x00000000b0000000, 0x00000000b5600000, 0x00000000c0000000)
  object space 88064K, 46% used [0x00000000b0000000,0x00000000b2792260,0x00000000b5600000)
}
Event: 41.423 GC heap before
{Heap before GC invocations=22 (full 3):
 PSYoungGen      total 243712K, used 184836K [0x00000000eaa80000, 0x00000000fd680000, 0x0000000100000000)
  eden space 192512K, 96% used [0x00000000eaa80000,0x00000000f5f01060,0x00000000f6680000)
  from space 51200K, 0% used [0x00000000f9f00000,0x00000000f9f00000,0x00000000fd100000)
  to   space 57344K, 0% used [0x00000000f6680000,0x00000000f6680000,0x00000000f9e80000)
 ParOldGen       total 326656K, used 202428K [0x00000000c0000000, 0x00000000d3f00000, 0x00000000eaa80000)
  object space 326656K, 61% used [0x00000000c0000000,0x00000000cc5af1a8,0x00000000d3f00000)
 PSPermGen       total 88064K, used 41676K [0x00000000b0000000, 0x00000000b5600000, 0x00000000c0000000)
  object space 88064K, 47% used [0x00000000b0000000,0x00000000b28b3010,0x00000000b5600000)
Event: 43.879 GC heap after
Heap after GC invocations=22 (full 3):
 PSYoungGen      total 249856K, used 52076K [0x00000000eaa80000, 0x0000000100000000, 0x0000000100000000)
  eden space 192512K, 0% used [0x00000000eaa80000,0x00000000eaa80000,0x00000000f6680000)
  from space 57344K, 90% used [0x00000000f6680000,0x00000000f995b1b8,0x00000000f9e80000)
  to   space 65536K, 0% used [0x00000000fc000000,0x00000000fc000000,0x0000000100000000)
 ParOldGen       total 326656K, used 325166K [0x00000000c0000000, 0x00000000d3f00000, 0x00000000eaa80000)
  object space 326656K, 99% used [0x00000000c0000000,0x00000000d3d8ba10,0x00000000d3f00000)
 PSPermGen       total 88064K, used 41676K [0x00000000b0000000, 0x00000000b5600000, 0x00000000c0000000)
  object space 88064K, 47% used [0x00000000b0000000,0x00000000b28b3010,0x00000000b5600000)
}
Event: 43.879 GC heap before
{Heap before GC invocations=23 (full 4):
 PSYoungGen      total 249856K, used 52076K [0x00000000eaa80000, 0x0000000100000000, 0x0000000100000000)
  eden space 192512K, 0% used [0x00000000eaa80000,0x00000000eaa80000,0x00000000f6680000)
  from space 57344K, 90% used [0x00000000f6680000,0x00000000f995b1b8,0x00000000f9e80000)
  to   space 65536K, 0% used [0x00000000fc000000,0x00000000fc000000,0x0000000100000000)
 ParOldGen       total 326656K, used 325166K [0x00000000c0000000, 0x00000000d3f00000, 0x00000000eaa80000)
  object space 326656K, 99% used [0x00000000c0000000,0x00000000d3d8ba10,0x00000000d3f00000)
 PSPermGen       total 88064K, used 41676K [0x00000000b0000000, 0x00000000b5600000, 0x00000000c0000000)
  object space 88064K, 47% used [0x00000000b0000000,0x00000000b28b3010,0x00000000b5600000)
Event: 47.226 GC heap after
Heap after GC invocations=23 (full 4):
 PSYoungGen      total 249856K, used 0K [0x00000000eaa80000, 0x0000000100000000, 0x0000000100000000)
  eden space 192512K, 0% used [0x00000000eaa80000,0x00000000eaa80000,0x00000000f6680000)
  from space 57344K, 0% used [0x00000000f6680000,0x00000000f6680000,0x00000000f9e80000)
  to   space 65536K, 0% used [0x00000000fc000000,0x00000000fc000000,0x0000000100000000)
 ParOldGen       total 298496K, used 130370K [0x00000000c0000000, 0x00000000d2380000, 0x00000000eaa80000)
  object space 298496K, 43% used [0x00000000c0000000,0x00000000c7f50be0,0x00000000d2380000)
 PSPermGen       total 84480K, used 41672K [0x00000000b0000000, 0x00000000b5280000, 0x00000000c0000000)
  object space 84480K, 49% used [0x00000000b0000000,0x00000000b28b2298,0x00000000b5280000)
}
Event: 47.718 GC heap before
{Heap before GC invocations=24 (full 4):
 PSYoungGen      total 249856K, used 192512K [0x00000000eaa80000, 0x0000000100000000, 0x0000000100000000)
  eden space 192512K, 100% used [0x00000000eaa80000,0x00000000f6680000,0x00000000f6680000)
  from space 57344K, 0% used [0x00000000f6680000,0x00000000f6680000,0x00000000f9e80000)
  to   space 65536K, 0% used [0x00000000fc000000,0x00000000fc000000,0x0000000100000000)
 ParOldGen       total 298496K, used 130370K [0x00000000c0000000, 0x00000000d2380000, 0x00000000eaa80000)
  object space 298496K, 43% used [0x00000000c0000000,0x00000000c7f50be0,0x00000000d2380000)
 PSPermGen       total 84480K, used 41694K [0x00000000b0000000, 0x00000000b5280000, 0x00000000c0000000)
  object space 84480K, 49% used [0x00000000b0000000,0x00000000b28b7898,0x00000000b5280000)
Event: 47.874 GC heap after
Heap after GC invocations=24 (full 4):
 PSYoungGen      total 216576K, used 65520K [0x00000000eaa80000, 0x0000000100000000, 0x0000000100000000)
  eden space 151040K, 0% used [0x00000000eaa80000,0x00000000eaa80000,0x00000000f3e00000)
  from space 65536K, 99% used [0x00000000fc000000,0x00000000ffffc2c8,0x0000000100000000)
  to   space 99328K, 0% used [0x00000000f3e00000,0x00000000f3e00000,0x00000000f9f00000)
 ParOldGen       total 298496K, used 189933K [0x00000000c0000000, 0x00000000d2380000, 0x00000000eaa80000)
  object space 298496K, 63% used [0x00000000c0000000,0x00000000cb97b798,0x00000000d2380000)
 PSPermGen       total 84480K, used 41694K [0x00000000b0000000, 0x00000000b5280000, 0x00000000c0000000)
  object space 84480K, 49% used [0x00000000b0000000,0x00000000b28b7898,0x00000000b5280000)
}
Event: 47.874 GC heap before
{Heap before GC invocations=25 (full 5):
 PSYoungGen      total 216576K, used 65520K [0x00000000eaa80000, 0x0000000100000000, 0x0000000100000000)
  eden space 151040K, 0% used [0x00000000eaa80000,0x00000000eaa80000,0x00000000f3e00000)
  from space 65536K, 99% used [0x00000000fc000000,0x00000000ffffc2c8,0x0000000100000000)
  to   space 99328K, 0% used [0x00000000f3e00000,0x00000000f3e00000,0x00000000f9f00000)
 ParOldGen       total 298496K, used 189933K [0x00000000c0000000, 0x00000000d2380000, 0x00000000eaa80000)
  object space 298496K, 63% used [0x00000000c0000000,0x00000000cb97b798,0x00000000d2380000)
 PSPermGen       total 84480K, used 41694K [0x00000000b0000000, 0x00000000b5280000, 0x00000000c0000000)
  object space 84480K, 49% used [0x00000000b0000000,0x00000000b28b7898,0x00000000b5280000)

